================================================================================
🔍 CRYPTO OPPORTUNITY SCREENER
Time: 2026-04-23 18:00:01.204504
================================================================================

📊 Fetching market data...
✅ Fetched 20 coins

🎯 Running screening filters...

================================================================================
🏆 TOP OPPORTUNITIES
================================================================================
Rank  Coin      Price          24h Change  Volume         Score   
--------------------------------------------------------------------------------
1     BTC       $77628.03      -0.48%         1367687671  58.33
2     ETH       $2315.52       -3.02%          840200803  58.33
3     BNB       $632.73        -1.46%           79084945  58.33
4     SOL       $85.49         -3.19%          220669780  58.33
5     XRP       $1.41          -2.54%          109188480  58.33
================================================================================

💾 Results saved to state/screening_results.json
📊 History saved (2 entries)

================================================================================
================================================================================
🔍 CRYPTO OPPORTUNITY SCREENER
Time: 2026-04-23 19:00:02.102046
================================================================================

📊 Fetching market data...
✅ Fetched 20 coins

🎯 Running screening filters...

================================================================================
🏆 TOP OPPORTUNITIES
================================================================================
Rank  Coin      Price          24h Change  Volume         Score   
--------------------------------------------------------------------------------
1     BTC       $77437.07      -0.93%         1424453860  58.33
2     ETH       $2315.16       -3.15%          867825592  58.33
3     BNB       $631.85        -1.59%           78790396  58.33
4     SOL       $85.46         -3.26%          221831637  58.33
5     XRP       $1.41          -2.72%          111343228  58.33
================================================================================

💾 Results saved to state/screening_results.json
📊 History saved (3 entries)

================================================================================
================================================================================
🔍 CRYPTO OPPORTUNITY SCREENER
Time: 2026-04-23 20:00:02.058413
================================================================================

📊 Fetching market data...
✅ Fetched 20 coins

🎯 Running screening filters...

================================================================================
🏆 TOP OPPORTUNITIES
================================================================================
Rank  Coin      Price          24h Change  Volume         Score   
--------------------------------------------------------------------------------
1     BTC       $77704.61      -0.78%         1426456120  58.33
2     ETH       $2328.97       -2.92%          875366030  58.33
3     BNB       $633.52        -1.44%           79673205  58.33
4     SOL       $85.82         -2.84%          225451948  58.33
5     XRP       $1.42          -2.63%          111388156  58.33
================================================================================

💾 Results saved to state/screening_results.json
📊 History saved (4 entries)

================================================================================
================================================================================
🔍 CRYPTO OPPORTUNITY SCREENER
Time: 2026-04-23 21:00:01.834995
================================================================================

📊 Fetching market data...
✅ Fetched 20 coins

🎯 Running screening filters...

================================================================================
🏆 TOP OPPORTUNITIES
================================================================================
Rank  Coin      Price          24h Change  Volume         Score   
--------------------------------------------------------------------------------
1     BTC       $77870.53      -0.46%         1404955507  58.33
2     ETH       $2328.97       -3.14%          869503309  58.33
3     BNB       $634.70        -1.36%           81164942  58.33
4     SOL       $85.97         -2.92%          221761233  58.33
5     XRP       $1.42          -2.19%          109748213  58.33
================================================================================

💾 Results saved to state/screening_results.json
📊 History saved (5 entries)

================================================================================
================================================================================
🔍 CRYPTO OPPORTUNITY SCREENER
Time: 2026-04-23 22:00:01.567693
================================================================================

📊 Fetching market data...
✅ Fetched 20 coins

🎯 Running screening filters...

================================================================================
🏆 TOP OPPORTUNITIES
================================================================================
Rank  Coin      Price          24h Change  Volume         Score   
--------------------------------------------------------------------------------
1     BTC       $77511.34      -1.69%         1347350527  58.33
2     ETH       $2318.97       -4.09%          828885372  58.33
3     BNB       $635.76        -2.36%           72149156  58.33
4     SOL       $85.69         -3.87%          212082455  58.33
5     XRP       $1.42          -2.99%          106411211  58.33
================================================================================

💾 Results saved to state/screening_results.json
📊 History saved (6 entries)

================================================================================
================================================================================
🔍 CRYPTO OPPORTUNITY SCREENER
Time: 2026-04-23 23:00:01.553188
================================================================================

📊 Fetching market data...
✅ Fetched 20 coins

🎯 Running screening filters...

================================================================================
🏆 TOP OPPORTUNITIES
================================================================================
Rank  Coin      Price          24h Change  Volume         Score   
--------------------------------------------------------------------------------
1     BTC       $78180.78      -1.10%         1286835782  58.33
2     ETH       $2334.25       -2.88%          803954991  58.33
3     BNB       $637.00        -2.04%           67013763  58.33
4     SOL       $86.06         -3.05%          201125003  58.33
5     XRP       $1.43          -1.91%          106240741  58.33
================================================================================

💾 Results saved to state/screening_results.json
📊 History saved (7 entries)

================================================================================
================================================================================
🔍 CRYPTO OPPORTUNITY SCREENER
Time: 2026-04-24 00:00:02.183599
================================================================================

📊 Fetching market data...
✅ Fetched 20 coins

🎯 Running screening filters...

================================================================================
🏆 TOP OPPORTUNITIES
================================================================================
Rank  Coin      Price          24h Change  Volume         Score   
--------------------------------------------------------------------------------
1     BTC       $78398.99      -1.17%         1258420942  58.33
2     ETH       $2333.39       -3.00%          769691355  58.33
3     BNB       $639.74        -1.48%           67234594  58.33
4     SOL       $86.36         -2.11%          205728075  58.33
5     XRP       $1.43          -1.72%          106028586  58.33
================================================================================

💾 Results saved to state/screening_results.json
📊 History saved (8 entries)

================================================================================
================================================================================
🔍 CRYPTO OPPORTUNITY SCREENER
Time: 2026-04-24 01:00:01.392072
================================================================================

📊 Fetching market data...
✅ Fetched 20 coins

🎯 Running screening filters...

================================================================================
🏆 TOP OPPORTUNITIES
================================================================================
Rank  Coin      Price          24h Change  Volume         Score   
--------------------------------------------------------------------------------
1     TRX       $0.33          +0.03%           35804442  77.78
2     BTC       $78109.82      -0.81%         1227413948  58.33
3     ETH       $2326.60       -2.51%          739889906  58.33
4     BNB       $638.54        -0.92%           64541518  58.33
5     SOL       $85.83         -2.08%          203500831  58.33
================================================================================

💾 Results saved to state/screening_results.json
📊 History saved (9 entries)

================================================================================
================================================================================
🔍 CRYPTO OPPORTUNITY SCREENER
Time: 2026-04-24 02:00:01.924840
================================================================================

📊 Fetching market data...
✅ Fetched 20 coins

🎯 Running screening filters...

================================================================================
🏆 TOP OPPORTUNITIES
================================================================================
Rank  Coin      Price          24h Change  Volume         Score   
--------------------------------------------------------------------------------
1     TRX       $0.33          +0.06%           35914467  77.78
2     BTC       $77769.20      -1.44%         1316621127  58.33
3     ETH       $2310.42       -3.71%          811592772  58.33
4     BNB       $633.89        -1.68%           66642944  58.33
5     SOL       $85.35         -2.83%          226273682  58.33
================================================================================

💾 Results saved to state/screening_results.json
📊 History saved (10 entries)

================================================================================
================================================================================
🔍 CRYPTO OPPORTUNITY SCREENER
Time: 2026-04-24 03:00:01.432664
================================================================================

📊 Fetching market data...
✅ Fetched 20 coins

🎯 Running screening filters...

================================================================================
🏆 TOP OPPORTUNITIES
================================================================================
Rank  Coin      Price          24h Change  Volume         Score   
--------------------------------------------------------------------------------
1     BTC       $77678.66      -1.74%         1346572454  58.33
2     ETH       $2305.40       -3.84%          826615796  58.33
3     BNB       $634.02        -1.73%           66706262  58.33
4     SOL       $85.26         -2.92%          232792069  58.33
5     XRP       $1.43          -1.16%          140539050  58.33
================================================================================

💾 Results saved to state/screening_results.json
📊 History saved (11 entries)

================================================================================
================================================================================
🔍 CRYPTO OPPORTUNITY SCREENER
Time: 2026-04-24 04:00:01.320066
================================================================================

📊 Fetching market data...
✅ Fetched 20 coins

🎯 Running screening filters...

================================================================================
🏆 TOP OPPORTUNITIES
================================================================================
Rank  Coin      Price          24h Change  Volume         Score   
--------------------------------------------------------------------------------
1     BTC       $77727.00      -1.44%         1368954435  58.33
2     ETH       $2313.85       -3.52%          829911629  58.33
3     BNB       $635.90        -1.27%           66694005  58.33
4     SOL       $85.31         -2.39%          236894366  58.33
5     XRP       $1.43          -0.82%          136618229  58.33
================================================================================

💾 Results saved to state/screening_results.json
📊 History saved (12 entries)

================================================================================
================================================================================
🔍 CRYPTO OPPORTUNITY SCREENER
Time: 2026-04-24 05:00:01.323955
================================================================================

📊 Fetching market data...
✅ Fetched 20 coins

🎯 Running screening filters...

================================================================================
🏆 TOP OPPORTUNITIES
================================================================================
Rank  Coin      Price          24h Change  Volume         Score   
--------------------------------------------------------------------------------
1     DOGE      $0.10          +0.38%           86157959  77.78
2     BTC       $77886.98      -0.69%         1367925801  58.33
3     ETH       $2325.54       -2.77%          838501474  58.33
4     BNB       $637.79        -0.51%           63980609  58.33
5     SOL       $85.62         -1.72%          242521515  58.33
================================================================================

💾 Results saved to state/screening_results.json
📊 History saved (13 entries)

================================================================================
