Traceback (most recent call last):
  File "<string>", line 16, in <module>
AttributeError: 'MonitoringScheduler' object has no attribute 'start'
[2026-04-15 05:33:16] ============================================================
[2026-04-15 05:33:16] Run #2161 started at 2026-04-15 05:33:16.517467
[2026-04-15 05:33:16] ============================================================
[2026-04-15 05:33:16] Run #2161 completed
[2026-04-15 05:33:16]   Duration: 0.5s
[2026-04-15 05:33:16]   Symbols: 2/2
[2026-04-15 05:33:16]   Signals: 0 (Confirmed: 0, Watch: 0)
[2026-04-15 05:33:16] Next run at 05:38:16 (in 5 min)
[2026-04-15 05:38:17] ============================================================
[2026-04-15 05:38:17] Run #2162 started at 2026-04-15 05:38:17.018540
[2026-04-15 05:38:17] ============================================================
[2026-04-15 05:38:17] Run #2162 completed
[2026-04-15 05:38:17]   Duration: 0.5s
[2026-04-15 05:38:17]   Symbols: 2/2
[2026-04-15 05:38:17]   Signals: 0 (Confirmed: 0, Watch: 0)
[2026-04-15 05:38:17] Next run at 05:43:17 (in 5 min)
[2026-04-15 05:43:17] ============================================================
[2026-04-15 05:43:17] Run #2163 started at 2026-04-15 05:43:17.522056
[2026-04-15 05:43:17] ============================================================
[2026-04-15 05:43:17] Run #2163 completed
[2026-04-15 05:43:17]   Duration: 0.5s
[2026-04-15 05:43:17]   Symbols: 2/2
[2026-04-15 05:43:17]   Signals: 0 (Confirmed: 0, Watch: 0)
[2026-04-15 05:43:17] Next run at 05:48:17 (in 5 min)
[2026-04-15 05:48:18] ============================================================
[2026-04-15 05:48:18] Run #2164 started at 2026-04-15 05:48:18.022426
[2026-04-15 05:48:18] ============================================================
[2026-04-15 05:48:18] Run #2164 completed
[2026-04-15 05:48:18]   Duration: 0.5s
[2026-04-15 05:48:18]   Symbols: 2/2
[2026-04-15 05:48:18]   Signals: 0 (Confirmed: 0, Watch: 0)
[2026-04-15 05:48:18] Next run at 05:53:18 (in 5 min)
